[    5904ms] [INFO] %cDownload the React DevTools for a better development experience: https://react.dev/link/react-devtools font-weight:bold @ http://localhost:3001/_next/static/chunks/0_9e_next_dist_0dwcpb1._.js:2431
[    6055ms] [LOG] [HMR] connected @ http://localhost:3001/_next/static/chunks/0_9e_next_dist_0dwcpb1._.js:2431
[    6298ms] [LOG] [Fast Refresh] rebuilding @ http://localhost:3001/_next/static/chunks/0_9e_next_dist_0dwcpb1._.js:2431
[    6313ms] [ERROR] Failed to load resource: the server responded with a status of 500 (Internal Server Error) @ http://localhost:3001/api/public/points-config:0
[    6332ms] [ERROR] Failed to load resource: the server responded with a status of 500 (Internal Server Error) @ http://localhost:3001/api/catalog/homepage?limit=8:0
[    6357ms] [LOG] [Fast Refresh] done in 160ms @ http://localhost:3001/_next/static/chunks/0_9e_next_dist_0dwcpb1._.js:2431
[    6383ms] [ERROR] Failed to load resource: the server responded with a status of 500 (Internal Server Error) @ http://localhost:3001/api/public/stats:0
[    6398ms] [ERROR] Failed to load resource: the server responded with a status of 500 (Internal Server Error) @ http://localhost:3001/api/public/banner:0
[    6424ms] [ERROR] Failed to load resource: the server responded with a status of 500 (Internal Server Error) @ http://localhost:3001/api/public/points-review:0
[    6458ms] [LOG] [Fast Refresh] rebuilding @ http://localhost:3001/_next/static/chunks/0_9e_next_dist_0dwcpb1._.js:2431
[    6480ms] [ERROR] Failed to load resource: the server responded with a status of 404 (Not Found) @ http://localhost:3001/favicon.ico:0
[    7496ms] [LOG] [Fast Refresh] done in 1138ms @ http://localhost:3001/_next/static/chunks/0_9e_next_dist_0dwcpb1._.js:2431
[    7599ms] [LOG] [Fast Refresh] rebuilding @ http://localhost:3001/_next/static/chunks/0_9e_next_dist_0dwcpb1._.js:2431
[    8140ms] [LOG] [Fast Refresh] done in 644ms @ http://localhost:3001/_next/static/chunks/0_9e_next_dist_0dwcpb1._.js:2431
[   11729ms] [LOG] [Fast Refresh] rebuilding @ http://localhost:3001/_next/static/chunks/0_9e_next_dist_0dwcpb1._.js:2431
[   11777ms] [LOG] [Fast Refresh] done in 162ms @ http://localhost:3001/_next/static/chunks/0_9e_next_dist_0dwcpb1._.js:2431
[  387736ms] [LOG] [Fast Refresh] rebuilding @ http://localhost:3001/_next/static/chunks/0_9e_next_dist_0dwcpb1._.js:2431
[  388744ms] [LOG] [Fast Refresh] done in 1076ms @ http://localhost:3001/_next/static/chunks/0_9e_next_dist_0dwcpb1._.js:2431
[  388915ms] [LOG] [Fast Refresh] rebuilding @ http://localhost:3001/_next/static/chunks/0_9e_next_dist_0dwcpb1._.js:2431
[  389428ms] [LOG] [Fast Refresh] done in 624ms @ http://localhost:3001/_next/static/chunks/0_9e_next_dist_0dwcpb1._.js:2431
[  437371ms] [LOG] [Fast Refresh] rebuilding @ http://localhost:3001/_next/static/chunks/0_9e_next_dist_0dwcpb1._.js:2431
[  437433ms] [LOG] [Fast Refresh] done in 173ms @ http://localhost:3001/_next/static/chunks/0_9e_next_dist_0dwcpb1._.js:2431
[  448151ms] [LOG] [Fast Refresh] rebuilding @ http://localhost:3001/_next/static/chunks/0_9e_next_dist_0dwcpb1._.js:2431
[  448249ms] [LOG] [Fast Refresh] done in 187ms @ http://localhost:3001/_next/static/chunks/0_9e_next_dist_0dwcpb1._.js:2431
[  448357ms] [LOG] [Fast Refresh] rebuilding @ http://localhost:3001/_next/static/chunks/0_9e_next_dist_0dwcpb1._.js:2431
[  448466ms] [LOG] [Fast Refresh] done in 217ms @ http://localhost:3001/_next/static/chunks/0_9e_next_dist_0dwcpb1._.js:2431
[  459206ms] [LOG] [Fast Refresh] rebuilding @ http://localhost:3001/_next/static/chunks/0_9e_next_dist_0dwcpb1._.js:2431
[  459583ms] [LOG] [Fast Refresh] done in 218ms @ http://localhost:3001/_next/static/chunks/0_9e_next_dist_0dwcpb1._.js:2431
[  470796ms] [LOG] [Fast Refresh] rebuilding @ http://localhost:3001/_next/static/chunks/0_9e_next_dist_0dwcpb1._.js:2431
[  470940ms] [LOG] [Fast Refresh] done in 242ms @ http://localhost:3001/_next/static/chunks/0_9e_next_dist_0dwcpb1._.js:2431
[  471048ms] [LOG] [Fast Refresh] rebuilding @ http://localhost:3001/_next/static/chunks/0_9e_next_dist_0dwcpb1._.js:2431
[  471159ms] [LOG] [Fast Refresh] done in 213ms @ http://localhost:3001/_next/static/chunks/0_9e_next_dist_0dwcpb1._.js:2431
[  505005ms] [LOG] [Fast Refresh] rebuilding @ http://localhost:3001/_next/static/chunks/0_9e_next_dist_0dwcpb1._.js:2431
[  505321ms] [LOG] [Fast Refresh] done in 403ms @ http://localhost:3001/_next/static/chunks/0_9e_next_dist_0dwcpb1._.js:2431
[  505477ms] [LOG] [Fast Refresh] rebuilding @ http://localhost:3001/_next/static/chunks/0_9e_next_dist_0dwcpb1._.js:2431
[  505734ms] [LOG] [Fast Refresh] done in 371ms @ http://localhost:3001/_next/static/chunks/0_9e_next_dist_0dwcpb1._.js:2431
[  550082ms] [LOG] [Fast Refresh] rebuilding @ http://localhost:3001/_next/static/chunks/0_9e_next_dist_0dwcpb1._.js:2431
[  550457ms] [LOG] [Fast Refresh] done in 437ms @ http://localhost:3001/_next/static/chunks/0_9e_next_dist_0dwcpb1._.js:2431
[  550564ms] [LOG] [Fast Refresh] rebuilding @ http://localhost:3001/_next/static/chunks/0_9e_next_dist_0dwcpb1._.js:2431
[  551058ms] [LOG] [Fast Refresh] done in 597ms @ http://localhost:3001/_next/static/chunks/0_9e_next_dist_0dwcpb1._.js:2431
[  551575ms] [INFO] %cDownload the React DevTools for a better development experience: https://react.dev/link/react-devtools font-weight:bold @ http://localhost:3001/_next/static/chunks/0_9e_next_dist_0dwcpb1._.js:2431
[  551617ms] [LOG] [HMR] connected @ http://localhost:3001/_next/static/chunks/0_9e_next_dist_0dwcpb1._.js:2431
[  551789ms] [ERROR] Failed to load resource: the server responded with a status of 500 (Internal Server Error) @ http://localhost:3001/api/public/points-config:0
[  551802ms] [ERROR] Failed to load resource: the server responded with a status of 500 (Internal Server Error) @ http://localhost:3001/api/catalog/homepage?limit=8:0
[  551819ms] [ERROR] Failed to load resource: the server responded with a status of 500 (Internal Server Error) @ http://localhost:3001/api/public/stats:0
[  551827ms] [ERROR] Failed to load resource: the server responded with a status of 500 (Internal Server Error) @ http://localhost:3001/api/public/banner:0
[  551935ms] [LOG] [Fast Refresh] rebuilding @ http://localhost:3001/_next/static/chunks/0_9e_next_dist_0dwcpb1._.js:2431
[  551948ms] [ERROR] Failed to load resource: the server responded with a status of 500 (Internal Server Error) @ http://localhost:3001/api/public/points-review:0
[  551956ms] [LOG] [Fast Refresh] done in 123ms @ http://localhost:3001/_next/static/chunks/0_9e_next_dist_0dwcpb1._.js:2431
[  597199ms] [LOG] [Fast Refresh] rebuilding @ http://localhost:3001/_next/static/chunks/0_9e_next_dist_0dwcpb1._.js:2431
[  597290ms] [LOG] [Fast Refresh] done in 186ms @ http://localhost:3001/_next/static/chunks/0_9e_next_dist_0dwcpb1._.js:2431
[  597402ms] [LOG] [Fast Refresh] rebuilding @ http://localhost:3001/_next/static/chunks/0_9e_next_dist_0dwcpb1._.js:2431
[  597565ms] [LOG] [Fast Refresh] done in 267ms @ http://localhost:3001/_next/static/chunks/0_9e_next_dist_0dwcpb1._.js:2431
[  609458ms] [LOG] [Fast Refresh] rebuilding @ http://localhost:3001/_next/static/chunks/0_9e_next_dist_0dwcpb1._.js:2431
[  609530ms] [LOG] [Fast Refresh] done in 165ms @ http://localhost:3001/_next/static/chunks/0_9e_next_dist_0dwcpb1._.js:2431
[  609634ms] [LOG] [Fast Refresh] rebuilding @ http://localhost:3001/_next/static/chunks/0_9e_next_dist_0dwcpb1._.js:2431
[  609709ms] [LOG] [Fast Refresh] done in 179ms @ http://localhost:3001/_next/static/chunks/0_9e_next_dist_0dwcpb1._.js:2431
[  627377ms] [LOG] [Fast Refresh] rebuilding @ http://localhost:3001/_next/static/chunks/0_9e_next_dist_0dwcpb1._.js:2431
[  627547ms] [LOG] [Fast Refresh] done in 241ms @ http://localhost:3001/_next/static/chunks/0_9e_next_dist_0dwcpb1._.js:2431
[  627655ms] [LOG] [Fast Refresh] rebuilding @ http://localhost:3001/_next/static/chunks/0_9e_next_dist_0dwcpb1._.js:2431
[  627796ms] [LOG] [Fast Refresh] done in 249ms @ http://localhost:3001/_next/static/chunks/0_9e_next_dist_0dwcpb1._.js:2431
[  671429ms] [LOG] [Fast Refresh] rebuilding @ http://localhost:3001/_next/static/chunks/0_9e_next_dist_0dwcpb1._.js:2431
[  671583ms] [LOG] [Fast Refresh] done in 234ms @ http://localhost:3001/_next/static/chunks/0_9e_next_dist_0dwcpb1._.js:2431
[  671695ms] [LOG] [Fast Refresh] rebuilding @ http://localhost:3001/_next/static/chunks/0_9e_next_dist_0dwcpb1._.js:2431
[  671852ms] [LOG] [Fast Refresh] done in 266ms @ http://localhost:3001/_next/static/chunks/0_9e_next_dist_0dwcpb1._.js:2431
[  681238ms] [LOG] [Fast Refresh] rebuilding @ http://localhost:3001/_next/static/chunks/0_9e_next_dist_0dwcpb1._.js:2431
[  681372ms] [LOG] [Fast Refresh] done in 223ms @ http://localhost:3001/_next/static/chunks/0_9e_next_dist_0dwcpb1._.js:2431
[  681482ms] [LOG] [Fast Refresh] rebuilding @ http://localhost:3001/_next/static/chunks/0_9e_next_dist_0dwcpb1._.js:2431
[  681566ms] [LOG] [Fast Refresh] done in 189ms @ http://localhost:3001/_next/static/chunks/0_9e_next_dist_0dwcpb1._.js:2431
[  829612ms] [LOG] [Fast Refresh] rebuilding @ http://localhost:3001/_next/static/chunks/0_9e_next_dist_0dwcpb1._.js:2431
[  829822ms] [LOG] [Fast Refresh] done in 280ms @ http://localhost:3001/_next/static/chunks/0_9e_next_dist_0dwcpb1._.js:2431
[  829926ms] [LOG] [Fast Refresh] rebuilding @ http://localhost:3001/_next/static/chunks/0_9e_next_dist_0dwcpb1._.js:2431
[  830013ms] [LOG] [Fast Refresh] done in 188ms @ http://localhost:3001/_next/static/chunks/0_9e_next_dist_0dwcpb1._.js:2431
[  842878ms] [LOG] [Fast Refresh] rebuilding @ http://localhost:3001/_next/static/chunks/0_9e_next_dist_0dwcpb1._.js:2431
[  843176ms] [LOG] [Fast Refresh] done in 400ms @ http://localhost:3001/_next/static/chunks/0_9e_next_dist_0dwcpb1._.js:2431
[  843299ms] [LOG] [Fast Refresh] rebuilding @ http://localhost:3001/_next/static/chunks/0_9e_next_dist_0dwcpb1._.js:2431
[  843547ms] [LOG] [Fast Refresh] done in 358ms @ http://localhost:3001/_next/static/chunks/0_9e_next_dist_0dwcpb1._.js:2431
[  844395ms] [INFO] %cDownload the React DevTools for a better development experience: https://react.dev/link/react-devtools font-weight:bold @ http://localhost:3001/_next/static/chunks/0_9e_next_dist_0dwcpb1._.js:2431
[  844440ms] [LOG] [HMR] connected @ http://localhost:3001/_next/static/chunks/0_9e_next_dist_0dwcpb1._.js:2431
[  844681ms] [ERROR] Failed to load resource: the server responded with a status of 500 (Internal Server Error) @ http://localhost:3001/api/public/points-config:0
[  844794ms] [LOG] [Fast Refresh] rebuilding @ http://localhost:3001/_next/static/chunks/0_9e_next_dist_0dwcpb1._.js:2431
[  844830ms] [LOG] [Fast Refresh] done in 138ms @ http://localhost:3001/_next/static/chunks/0_9e_next_dist_0dwcpb1._.js:2431
[  844843ms] [ERROR] Failed to load resource: the server responded with a status of 500 (Internal Server Error) @ http://localhost:3001/api/catalog/homepage?limit=8:0
[  844859ms] [ERROR] Failed to load resource: the server responded with a status of 500 (Internal Server Error) @ http://localhost:3001/api/public/stats:0
[  844876ms] [ERROR] Failed to load resource: the server responded with a status of 500 (Internal Server Error) @ http://localhost:3001/api/public/banner:0
[  844887ms] [ERROR] Failed to load resource: the server responded with a status of 500 (Internal Server Error) @ http://localhost:3001/api/public/points-review:0
[  848106ms] [LOG] [Fast Refresh] rebuilding @ http://localhost:3001/_next/static/chunks/0_9e_next_dist_0dwcpb1._.js:2431
[  848186ms] [LOG] [Fast Refresh] done in 188ms @ http://localhost:3001/_next/static/chunks/0_9e_next_dist_0dwcpb1._.js:2431
[  887934ms] [LOG] [Fast Refresh] rebuilding @ http://localhost:3001/_next/static/chunks/0_9e_next_dist_0dwcpb1._.js:2431
[  888006ms] [LOG] [Fast Refresh] done in 179ms @ http://localhost:3001/_next/static/chunks/0_9e_next_dist_0dwcpb1._.js:2431
